{"name": "test_login_home", "status": "broken", "statusDetails": {"message": "selenium.common.exceptions.TimeoutException: Message: \nStacktrace:\n\tGetHandleVerifier [0x00AF37C3+48947]\n\t(No symbol) [0x00A88551]\n\t(No symbol) [0x0098C92D]\n\t(No symbol) [0x009B9E38]\n\t(No symbol) [0x009B9EFB]\n\t(No symbol) [0x009E8EF2]\n\t(No symbol) [0x009D50D4]\n\t(No symbol) [0x009E75DA]\n\t(No symbol) [0x009D4E86]\n\t(No symbol) [0x009B16C7]\n\t(No symbol) [0x009B284D]\n\tGetHandleVerifier [0x00D3FDF9+2458985]\n\tGetHandleVerifier [0x00D8744F+2751423]\n\tGetHandleVerifier [0x00D81361+2726609]\n\tGetHandleVerifier [0x00B70680+560624]\n\t(No symbol) [0x00A9238C]\n\t(No symbol) [0x00A8E268]\n\t(No symbol) [0x00A8E392]\n\t(No symbol) [0x00A810B7]\n\tBaseThreadInitThunk [0x75F57D59+25]\n\tRtlInitializeExceptionChain [0x77E4B79B+107]\n\tRtlClearBits [0x77E4B71F+191]", "trace": "self = <Testcases.MizuhoTest.Test_form_001 object at 0x000001A08C953400>\n\n    def test_login_home(self):\n        email = \"surendrapuvvada4@gmail.com\"\n        password = \"1@Puvvada\"\n        self.mh.enter_email(email)\n        # self.mh.click_next()\n        time.sleep(3)\n>       self.mh.enter_password(password)\n\nTestcases\\MizuhoTest.py:45: \n_ _ _ _ _ _ _ _ _ _ _ _ _ _ _ _ _ _ _ _ _ _ _ _ _ _ _ _ _ _ _ _ _ _ _ _ _ _ _ _ _ _ _ _ _ _ _ _ _ _ _ _ _ _ _ _ _ _ _ _ _ _ _ _ _ _ _ _ _ _ _ _ _ _ _ _ _ _ _ _ _ _ _ _ _ _ _\nPageobjects\\Mizuhopage.py:39: in enter_password\n    self.get_paasword().clear()\nPageobjects\\Mizuhopage.py:36: in get_paasword\n    return self.wait_until_element_is_clickable(By.XPATH, self.email_id)\nUtilities\\base_driver.py:13: in wait_until_element_is_clickable\n    element = wait.until(EC.element_to_be_clickable((locator_type, locator)))\n_ _ _ _ _ _ _ _ _ _ _ _ _ _ _ _ _ _ _ _ _ _ _ _ _ _ _ _ _ _ _ _ _ _ _ _ _ _ _ _ _ _ _ _ _ _ _ _ _ _ _ _ _ _ _ _ _ _ _ _ _ _ _ _ _ _ _ _ _ _ _ _ _ _ _ _ _ _ _ _ _ _ _ _ _ _ _\n\nself = <selenium.webdriver.support.wait.WebDriverWait (session=\"0baed676e44788688357c70023e20dfb\")>\nmethod = <function element_to_be_clickable.<locals>._predicate at 0x000001A08C90CC10>, message = ''\n\n    def until(self, method, message: str = \"\"):\n        \"\"\"Calls the method provided with the driver as an argument until the \\\n        return value does not evaluate to ``False``.\n    \n        :param method: callable(WebDriver)\n        :param message: optional message for :exc:`TimeoutException`\n        :returns: the result of the last call to `method`\n        :raises: :exc:`selenium.common.exceptions.TimeoutException` if timeout occurs\n        \"\"\"\n        screen = None\n        stacktrace = None\n    \n        end_time = time.monotonic() + self._timeout\n        while True:\n            try:\n                value = method(self._driver)\n                if value:\n                    return value\n            except self._ignored_exceptions as exc:\n                screen = getattr(exc, \"screen\", None)\n                stacktrace = getattr(exc, \"stacktrace\", None)\n            time.sleep(self._poll)\n            if time.monotonic() > end_time:\n                break\n>       raise TimeoutException(message, screen, stacktrace)\nE       selenium.common.exceptions.TimeoutException: Message: \nE       Stacktrace:\nE       \tGetHandleVerifier [0x00AF37C3+48947]\nE       \t(No symbol) [0x00A88551]\nE       \t(No symbol) [0x0098C92D]\nE       \t(No symbol) [0x009B9E38]\nE       \t(No symbol) [0x009B9EFB]\nE       \t(No symbol) [0x009E8EF2]\nE       \t(No symbol) [0x009D50D4]\nE       \t(No symbol) [0x009E75DA]\nE       \t(No symbol) [0x009D4E86]\nE       \t(No symbol) [0x009B16C7]\nE       \t(No symbol) [0x009B284D]\nE       \tGetHandleVerifier [0x00D3FDF9+2458985]\nE       \tGetHandleVerifier [0x00D8744F+2751423]\nE       \tGetHandleVerifier [0x00D81361+2726609]\nE       \tGetHandleVerifier [0x00B70680+560624]\nE       \t(No symbol) [0x00A9238C]\nE       \t(No symbol) [0x00A8E268]\nE       \t(No symbol) [0x00A8E392]\nE       \t(No symbol) [0x00A810B7]\nE       \tBaseThreadInitThunk [0x75F57D59+25]\nE       \tRtlInitializeExceptionChain [0x77E4B79B+107]\nE       \tRtlClearBits [0x77E4B71F+191]\n\nvenv\\lib\\site-packages\\selenium\\webdriver\\support\\wait.py:95: TimeoutException"}, "attachments": [{"name": "log", "source": "15ff15e6-2e8d-4782-ae95-ef6b671f5e56-attachment.txt", "type": "text/plain"}], "start": 1692543627455, "stop": 1692543657863, "uuid": "7cf3afb0-5d02-4181-a0df-198aa214d9ec", "historyId": "b727af4ba09155897e995d4ba4efad31", "testCaseId": "b727af4ba09155897e995d4ba4efad31", "fullName": "Testcases.MizuhoTest.Test_form_001#test_login_home", "labels": [{"name": "tag", "value": "@pytest.mark.usefixtures('setup')"}, {"name": "parentSuite", "value": "Testcases"}, {"name": "suite", "value": "MizuhoTest"}, {"name": "subSuite", "value": "Test_form_001"}, {"name": "host", "value": "DESKTOP-6625IDT"}, {"name": "thread", "value": "18036-MainThread"}, {"name": "framework", "value": "pytest"}, {"name": "language", "value": "cpython3"}, {"name": "package", "value": "Testcases.MizuhoTest"}]}