{"name": "test_login_home", "status": "broken", "statusDetails": {"message": "selenium.common.exceptions.TimeoutException: Message: \nStacktrace:\n\tGetHandleVerifier [0x012037C3+48947]\n\t(No symbol) [0x01198551]\n\t(No symbol) [0x0109C92D]\n\t(No symbol) [0x010C9E38]\n\t(No symbol) [0x010C9EFB]\n\t(No symbol) [0x010F8EF2]\n\t(No symbol) [0x010E50D4]\n\t(No symbol) [0x010F75DA]\n\t(No symbol) [0x010E4E86]\n\t(No symbol) [0x010C16C7]\n\t(No symbol) [0x010C284D]\n\tGetHandleVerifier [0x0144FDF9+2458985]\n\tGetHandleVerifier [0x0149744F+2751423]\n\tGetHandleVerifier [0x01491361+2726609]\n\tGetHandleVerifier [0x01280680+560624]\n\t(No symbol) [0x011A238C]\n\t(No symbol) [0x0119E268]\n\t(No symbol) [0x0119E392]\n\t(No symbol) [0x011910B7]\n\tBaseThreadInitThunk [0x75F57D59+25]\n\tRtlInitializeExceptionChain [0x77E4B79B+107]\n\tRtlClearBits [0x77E4B71F+191]", "trace": "self = <Testcases.MizuhoTest.Test_form_001 object at 0x0000020F2C233400>\n\n    def test_login_home(self):\n        email = \"surendrapuvvada4@gmail.com\"\n        password = \"1@Puvvada\"\n        self.mh.enter_email(email)\n        self.mh.click_next()\n>       self.mh.enter_password(password)\n\nTestcases\\MizuhoTest.py:44: \n_ _ _ _ _ _ _ _ _ _ _ _ _ _ _ _ _ _ _ _ _ _ _ _ _ _ _ _ _ _ _ _ _ _ _ _ _ _ _ _ _ _ _ _ _ _ _ _ _ _ _ _ _ _ _ _ _ _ _ _ _ _ _ _ _ _ _ _ _ _ _ _ _ _ _ _ _ _ _ _ _ _ _ _ _ _ _\nPageobjects\\Mizuhopage.py:39: in enter_password\n    self.get_paasword().clear()\nPageobjects\\Mizuhopage.py:36: in get_paasword\n    return self.wait_until_element_is_clickable(By.XPATH, self.email_id)\nUtilities\\base_driver.py:13: in wait_until_element_is_clickable\n    element = wait.until(EC.element_to_be_clickable((locator_type, locator)))\n_ _ _ _ _ _ _ _ _ _ _ _ _ _ _ _ _ _ _ _ _ _ _ _ _ _ _ _ _ _ _ _ _ _ _ _ _ _ _ _ _ _ _ _ _ _ _ _ _ _ _ _ _ _ _ _ _ _ _ _ _ _ _ _ _ _ _ _ _ _ _ _ _ _ _ _ _ _ _ _ _ _ _ _ _ _ _\n\nself = <selenium.webdriver.support.wait.WebDriverWait (session=\"56cbe9a3ac4320f175f986644555495b\")>\nmethod = <function element_to_be_clickable.<locals>._predicate at 0x0000020F2C1ECC10>, message = ''\n\n    def until(self, method, message: str = \"\"):\n        \"\"\"Calls the method provided with the driver as an argument until the \\\n        return value does not evaluate to ``False``.\n    \n        :param method: callable(WebDriver)\n        :param message: optional message for :exc:`TimeoutException`\n        :returns: the result of the last call to `method`\n        :raises: :exc:`selenium.common.exceptions.TimeoutException` if timeout occurs\n        \"\"\"\n        screen = None\n        stacktrace = None\n    \n        end_time = time.monotonic() + self._timeout\n        while True:\n            try:\n                value = method(self._driver)\n                if value:\n                    return value\n            except self._ignored_exceptions as exc:\n                screen = getattr(exc, \"screen\", None)\n                stacktrace = getattr(exc, \"stacktrace\", None)\n            time.sleep(self._poll)\n            if time.monotonic() > end_time:\n                break\n>       raise TimeoutException(message, screen, stacktrace)\nE       selenium.common.exceptions.TimeoutException: Message: \nE       Stacktrace:\nE       \tGetHandleVerifier [0x012037C3+48947]\nE       \t(No symbol) [0x01198551]\nE       \t(No symbol) [0x0109C92D]\nE       \t(No symbol) [0x010C9E38]\nE       \t(No symbol) [0x010C9EFB]\nE       \t(No symbol) [0x010F8EF2]\nE       \t(No symbol) [0x010E50D4]\nE       \t(No symbol) [0x010F75DA]\nE       \t(No symbol) [0x010E4E86]\nE       \t(No symbol) [0x010C16C7]\nE       \t(No symbol) [0x010C284D]\nE       \tGetHandleVerifier [0x0144FDF9+2458985]\nE       \tGetHandleVerifier [0x0149744F+2751423]\nE       \tGetHandleVerifier [0x01491361+2726609]\nE       \tGetHandleVerifier [0x01280680+560624]\nE       \t(No symbol) [0x011A238C]\nE       \t(No symbol) [0x0119E268]\nE       \t(No symbol) [0x0119E392]\nE       \t(No symbol) [0x011910B7]\nE       \tBaseThreadInitThunk [0x75F57D59+25]\nE       \tRtlInitializeExceptionChain [0x77E4B79B+107]\nE       \tRtlClearBits [0x77E4B71F+191]\n\nvenv\\lib\\site-packages\\selenium\\webdriver\\support\\wait.py:95: TimeoutException"}, "attachments": [{"name": "log", "source": "0241772f-2399-465b-afd7-deb79741c31e-attachment.txt", "type": "text/plain"}], "start": 1692543533284, "stop": 1692543561843, "uuid": "88efba18-4a7d-4329-9c13-449dca9d5001", "historyId": "b727af4ba09155897e995d4ba4efad31", "testCaseId": "b727af4ba09155897e995d4ba4efad31", "fullName": "Testcases.MizuhoTest.Test_form_001#test_login_home", "labels": [{"name": "tag", "value": "@pytest.mark.usefixtures('setup')"}, {"name": "parentSuite", "value": "Testcases"}, {"name": "suite", "value": "MizuhoTest"}, {"name": "subSuite", "value": "Test_form_001"}, {"name": "host", "value": "DESKTOP-6625IDT"}, {"name": "thread", "value": "15756-MainThread"}, {"name": "framework", "value": "pytest"}, {"name": "language", "value": "cpython3"}, {"name": "package", "value": "Testcases.MizuhoTest"}]}